<?xml version="1.0" encoding="UTF-8"?>
<robot generator="Robot 4.1.3 (Python 3.7.4 on win32)" generated="20220127 16:06:59.940" rpa="false" schemaversion="2">
<suite id="s1" name="DDT2 Excel" source="D:\Skill_development\Robotframework_sample\TestCases\DDT2_Excel.robot">
<kw name="Open my Browser" library="login_resources" type="SETUP">
<kw name="Open Browser" library="SeleniumLibrary">
<arg>${LOGIN URL}</arg>
<arg>${BROWSER}</arg>
<doc>Opens a new browser instance to the optional ``url``.</doc>
<msg timestamp="20220127 16:07:01.120" level="INFO">Opening browser 'chrome' to base url 'https://admin-demo.nopcommerce.com'.</msg>
<msg timestamp="20220127 16:07:01.128" level="INFO">Cannot capture screenshot because no browser is open.</msg>
<msg timestamp="20220127 16:07:01.131" level="FAIL">WebDriverException: Message: 'chromedriver' executable needs to be in PATH. Please see https://chromedriver.chromium.org/home
</msg>
<status status="FAIL" starttime="20220127 16:07:01.120" endtime="20220127 16:07:01.131"/>
</kw>
<kw name="Maximize Browser Window" library="SeleniumLibrary">
<doc>Maximizes current browser window.</doc>
<status status="NOT RUN" starttime="20220127 16:07:01.131" endtime="20220127 16:07:01.131"/>
</kw>
<status status="FAIL" starttime="20220127 16:07:01.120" endtime="20220127 16:07:01.131"/>
</kw>
<test id="s1-t1" name="LoginTestwithExcel using admin@yourstore.com  and adm">
<status status="FAIL" starttime="20220127 16:07:01.131" endtime="20220127 16:07:01.133">Parent suite setup failed:
WebDriverException: Message: 'chromedriver' executable needs to be in PATH. Please see https://chromedriver.chromium.org/home
</status>
</test>
<test id="s1-t2" name="LoginTestwithExcel using adm@yourstore.com and admin">
<status status="FAIL" starttime="20220127 16:07:01.136" endtime="20220127 16:07:01.138">Parent suite setup failed:
WebDriverException: Message: 'chromedriver' executable needs to be in PATH. Please see https://chromedriver.chromium.org/home
</status>
</test>
<test id="s1-t3" name="LoginTestwithExcel using adm123@yourstore.com and adm">
<status status="FAIL" starttime="20220127 16:07:01.139" endtime="20220127 16:07:01.140">Parent suite setup failed:
WebDriverException: Message: 'chromedriver' executable needs to be in PATH. Please see https://chromedriver.chromium.org/home
</status>
</test>
<kw name="Close Browsers" library="login_resources" type="TEARDOWN">
<kw name="Close All Browsers" library="SeleniumLibrary">
<doc>Closes all open browsers and resets the browser cache.</doc>
<status status="PASS" starttime="20220127 16:07:01.142" endtime="20220127 16:07:01.142"/>
</kw>
<status status="PASS" starttime="20220127 16:07:01.142" endtime="20220127 16:07:01.143"/>
</kw>
<status status="FAIL" starttime="20220127 16:06:59.945" endtime="20220127 16:07:01.143">Suite setup failed:
WebDriverException: Message: 'chromedriver' executable needs to be in PATH. Please see https://chromedriver.chromium.org/home
</status>
</suite>
<statistics>
<total>
<stat pass="0" fail="3" skip="0">All Tests</stat>
</total>
<tag>
</tag>
<suite>
<stat pass="0" fail="3" skip="0" id="s1" name="DDT2 Excel">DDT2 Excel</stat>
</suite>
</statistics>
<errors>
</errors>
</robot>
